  MyForm.cpp
/MyForm.cpp(1,1): warning C4857: C++/CLI mode does not support C++ versions newer than C++20; setting language to /std:c++20
  (compiling source file '/MyForm.cpp')
  
D:\gitnext\GUI_tWINFORMtext_editor\GUI_tWINFORMtext_editor\Library.h(8,1): warning C4005: '_WIN32_WINNT': macro redefinition
  (compiling source file 'MyForm.cpp')
  D:\gitnext\GUI_tWINFORMtext_editor\GUI_tWINFORMtext_editor\Library.h(6,1):
  see previous definition of '_WIN32_WINNT'
  
D:\gitnext\GUI_tWINFORMtext_editor\GUI_tWINFORMtext_editor\Library.h(74,1): error C4430: missing type specifier - int assumed. Note: C++ does not support default-int
  (compiling source file 'MyForm.cpp')
  
D:\gitnext\GUI_tWINFORMtext_editor\GUI_tWINFORMtext_editor\Library.h(74,1): error C2365: 'memset': redefinition; previous definition was 'function'
  (compiling source file 'MyForm.cpp')
  C:\Program Files\Microsoft Visual Studio\2022\Community\VC\Tools\MSVC\14.39.33519\include\vcruntime_string.h(63,15):
  see declaration of 'memset'
  
D:\gitnext\GUI_tWINFORMtext_editor\GUI_tWINFORMtext_editor\Library.h(76,1): error C2466: cannot allocate an array of constant size 0
  (compiling source file 'MyForm.cpp')
  
D:\gitnext\GUI_tWINFORMtext_editor\GUI_tWINFORMtext_editor\Library.h(76,1): error C3927: '->': trailing return type is not allowed after a non-function declarator
  (compiling source file 'MyForm.cpp')
  
D:\gitnext\GUI_tWINFORMtext_editor\GUI_tWINFORMtext_editor\Library.h(76,6): error C3484: syntax error: expected '->' before the return type
  (compiling source file 'MyForm.cpp')
  
D:\gitnext\GUI_tWINFORMtext_editor\GUI_tWINFORMtext_editor\Library.h(76,7): error C3613: missing return type after '->' ('int' assumed)
  (compiling source file 'MyForm.cpp')
  
D:\gitnext\GUI_tWINFORMtext_editor\GUI_tWINFORMtext_editor\Library.h(76,12): error C4430: missing type specifier - int assumed. Note: C++ does not support default-int
  (compiling source file 'MyForm.cpp')
  
D:\gitnext\GUI_tWINFORMtext_editor\GUI_tWINFORMtext_editor\Library.h(76,1): error C2371: 'in': redefinition; different basic types
  (compiling source file 'MyForm.cpp')
  D:\gitnext\GUI_tWINFORMtext_editor\GUI_tWINFORMtext_editor\Library.h(73,7):
  see declaration of 'in'
  
D:\gitnext\GUI_tWINFORMtext_editor\GUI_tWINFORMtext_editor\Library.h(76,7): error C2146: syntax error: missing ';' before identifier 'type'
  (compiling source file 'MyForm.cpp')
  
D:\gitnext\GUI_tWINFORMtext_editor\GUI_tWINFORMtext_editor\Library.h(77,1): error C2466: cannot allocate an array of constant size 0
  (compiling source file 'MyForm.cpp')
  
D:\gitnext\GUI_tWINFORMtext_editor\GUI_tWINFORMtext_editor\Library.h(77,1): error C3927: '->': trailing return type is not allowed after a non-function declarator
  (compiling source file 'MyForm.cpp')
  
D:\gitnext\GUI_tWINFORMtext_editor\GUI_tWINFORMtext_editor\Library.h(77,6): error C3484: syntax error: expected '->' before the return type
  (compiling source file 'MyForm.cpp')
  
D:\gitnext\GUI_tWINFORMtext_editor\GUI_tWINFORMtext_editor\Library.h(77,7): error C3613: missing return type after '->' ('int' assumed)
  (compiling source file 'MyForm.cpp')
  
D:\gitnext\GUI_tWINFORMtext_editor\GUI_tWINFORMtext_editor\Library.h(77,9): error C4430: missing type specifier - int assumed. Note: C++ does not support default-int
  (compiling source file 'MyForm.cpp')
  
D:\gitnext\GUI_tWINFORMtext_editor\GUI_tWINFORMtext_editor\Library.h(77,1): error C2371: 'in': redefinition; different basic types
  (compiling source file 'MyForm.cpp')
  D:\gitnext\GUI_tWINFORMtext_editor\GUI_tWINFORMtext_editor\Library.h(73,7):
  see declaration of 'in'
  
D:\gitnext\GUI_tWINFORMtext_editor\GUI_tWINFORMtext_editor\Library.h(77,7): error C2146: syntax error: missing ';' before identifier 'ki'
  (compiling source file 'MyForm.cpp')
  
D:\gitnext\GUI_tWINFORMtext_editor\GUI_tWINFORMtext_editor\Library.h(78,1): error C2466: cannot allocate an array of constant size 0
  (compiling source file 'MyForm.cpp')
  
D:\gitnext\GUI_tWINFORMtext_editor\GUI_tWINFORMtext_editor\Library.h(78,1): error C3927: '->': trailing return type is not allowed after a non-function declarator
  (compiling source file 'MyForm.cpp')
  
D:\gitnext\GUI_tWINFORMtext_editor\GUI_tWINFORMtext_editor\Library.h(78,6): error C3484: syntax error: expected '->' before the return type
  (compiling source file 'MyForm.cpp')
  
D:\gitnext\GUI_tWINFORMtext_editor\GUI_tWINFORMtext_editor\Library.h(78,7): error C3613: missing return type after '->' ('int' assumed)
  (compiling source file 'MyForm.cpp')
  
D:\gitnext\GUI_tWINFORMtext_editor\GUI_tWINFORMtext_editor\Library.h(78,9): error C4430: missing type specifier - int assumed. Note: C++ does not support default-int
  (compiling source file 'MyForm.cpp')
  
D:\gitnext\GUI_tWINFORMtext_editor\GUI_tWINFORMtext_editor\Library.h(78,1): error C2371: 'in': redefinition; different basic types
  (compiling source file 'MyForm.cpp')
  D:\gitnext\GUI_tWINFORMtext_editor\GUI_tWINFORMtext_editor\Library.h(73,7):
  see declaration of 'in'
  
D:\gitnext\GUI_tWINFORMtext_editor\GUI_tWINFORMtext_editor\Library.h(78,7): error C2146: syntax error: missing ';' before identifier 'ki'
  (compiling source file 'MyForm.cpp')
  
D:\gitnext\GUI_tWINFORMtext_editor\GUI_tWINFORMtext_editor\Library.h(80,1): error C3927: '->': trailing return type is not allowed after a non-function declarator
  (compiling source file 'MyForm.cpp')
  
D:\gitnext\GUI_tWINFORMtext_editor\GUI_tWINFORMtext_editor\Library.h(80,6): error C3484: syntax error: expected '->' before the return type
  (compiling source file 'MyForm.cpp')
  
D:\gitnext\GUI_tWINFORMtext_editor\GUI_tWINFORMtext_editor\Library.h(80,7): error C3613: missing return type after '->' ('int' assumed)
  (compiling source file 'MyForm.cpp')
  
D:\gitnext\GUI_tWINFORMtext_editor\GUI_tWINFORMtext_editor\Library.h(80,12): error C4430: missing type specifier - int assumed. Note: C++ does not support default-int
  (compiling source file 'MyForm.cpp')
  
D:\gitnext\GUI_tWINFORMtext_editor\GUI_tWINFORMtext_editor\Library.h(80,1): error C2369: 'in': redefinition; different subscripts
  (compiling source file 'MyForm.cpp')
  D:\gitnext\GUI_tWINFORMtext_editor\GUI_tWINFORMtext_editor\Library.h(73,7):
  see declaration of 'in'
  
D:\gitnext\GUI_tWINFORMtext_editor\GUI_tWINFORMtext_editor\Library.h(80,7): error C2146: syntax error: missing ';' before identifier 'type'
  (compiling source file 'MyForm.cpp')
  
D:\gitnext\GUI_tWINFORMtext_editor\GUI_tWINFORMtext_editor\Library.h(81,1): error C3927: '->': trailing return type is not allowed after a non-function declarator
  (compiling source file 'MyForm.cpp')
  
D:\gitnext\GUI_tWINFORMtext_editor\GUI_tWINFORMtext_editor\Library.h(81,6): error C3484: syntax error: expected '->' before the return type
  (compiling source file 'MyForm.cpp')
  
D:\gitnext\GUI_tWINFORMtext_editor\GUI_tWINFORMtext_editor\Library.h(81,7): error C3613: missing return type after '->' ('int' assumed)
  (compiling source file 'MyForm.cpp')
  
D:\gitnext\GUI_tWINFORMtext_editor\GUI_tWINFORMtext_editor\Library.h(81,9): error C4430: missing type specifier - int assumed. Note: C++ does not support default-int
  (compiling source file 'MyForm.cpp')
  
D:\gitnext\GUI_tWINFORMtext_editor\GUI_tWINFORMtext_editor\Library.h(81,1): error C2369: 'in': redefinition; different subscripts
  (compiling source file 'MyForm.cpp')
  D:\gitnext\GUI_tWINFORMtext_editor\GUI_tWINFORMtext_editor\Library.h(73,7):
  see declaration of 'in'
  
D:\gitnext\GUI_tWINFORMtext_editor\GUI_tWINFORMtext_editor\Library.h(81,7): error C2146: syntax error: missing ';' before identifier 'ki'
  (compiling source file 'MyForm.cpp')
  
D:\gitnext\GUI_tWINFORMtext_editor\GUI_tWINFORMtext_editor\Library.h(82,1): error C3927: '->': trailing return type is not allowed after a non-function declarator
  (compiling source file 'MyForm.cpp')
  
D:\gitnext\GUI_tWINFORMtext_editor\GUI_tWINFORMtext_editor\Library.h(82,6): error C3484: syntax error: expected '->' before the return type
  (compiling source file 'MyForm.cpp')
  
D:\gitnext\GUI_tWINFORMtext_editor\GUI_tWINFORMtext_editor\Library.h(82,7): error C3613: missing return type after '->' ('int' assumed)
  (compiling source file 'MyForm.cpp')
  
D:\gitnext\GUI_tWINFORMtext_editor\GUI_tWINFORMtext_editor\Library.h(82,9): error C4430: missing type specifier - int assumed. Note: C++ does not support default-int
  (compiling source file 'MyForm.cpp')
  
D:\gitnext\GUI_tWINFORMtext_editor\GUI_tWINFORMtext_editor\Library.h(82,1): error C2369: 'in': redefinition; different subscripts
  (compiling source file 'MyForm.cpp')
  D:\gitnext\GUI_tWINFORMtext_editor\GUI_tWINFORMtext_editor\Library.h(73,7):
  see declaration of 'in'
  
D:\gitnext\GUI_tWINFORMtext_editor\GUI_tWINFORMtext_editor\Library.h(82,7): error C2146: syntax error: missing ';' before identifier 'ki'
  (compiling source file 'MyForm.cpp')
  
D:\gitnext\GUI_tWINFORMtext_editor\GUI_tWINFORMtext_editor\Library.h(85,1): error C2059: syntax error: 'if'
  (compiling source file 'MyForm.cpp')
  
D:\gitnext\GUI_tWINFORMtext_editor\GUI_tWINFORMtext_editor\Library.h(86,1): error C2143: syntax error: missing ';' before '{'
  (compiling source file 'MyForm.cpp')
  
D:\gitnext\GUI_tWINFORMtext_editor\GUI_tWINFORMtext_editor\Library.h(86,1): error C2447: '{': missing function header (old-style formal list?)
  (compiling source file 'MyForm.cpp')
  
D:\gitnext\GUI_tWINFORMtext_editor\GUI_tWINFORMtext_editor\Library.h(89,1): error C2059: syntax error: 'else'
  (compiling source file 'MyForm.cpp')
  
D:\gitnext\GUI_tWINFORMtext_editor\GUI_tWINFORMtext_editor\Library.h(90,1): error C2143: syntax error: missing ';' before '{'
  (compiling source file 'MyForm.cpp')
  
D:\gitnext\GUI_tWINFORMtext_editor\GUI_tWINFORMtext_editor\Library.h(90,1): error C2447: '{': missing function header (old-style formal list?)
  (compiling source file 'MyForm.cpp')
  
D:\gitnext\GUI_tWINFORMtext_editor\GUI_tWINFORMtext_editor\MyForm.cpp(9,10): error C2976: 'std::array': too few template arguments
  C:\Program Files\Microsoft Visual Studio\2022\Community\VC\Tools\MSVC\14.39.33519\include\utility(147,7):
  see declaration of 'std::array'
  
D:\gitnext\GUI_tWINFORMtext_editor\GUI_tWINFORMtext_editor\MyForm.cpp(9,26): error C3699: '^': cannot use this indirection on type 'std::array'
  D:\gitnext\GUI_tWINFORMtext_editor\GUI_tWINFORMtext_editor\MyForm.cpp(9,26):
  compiler replacing '^' with '*' to continue parsing
  
D:\gitnext\GUI_tWINFORMtext_editor\GUI_tWINFORMtext_editor\MyForm.cpp(9,26): error C2955: 'std::array': use of class template requires template argument list
  C:\Program Files\Microsoft Visual Studio\2022\Community\VC\Tools\MSVC\14.39.33519\include\utility(147,7):
  see declaration of 'std::array'
  
D:\gitnext\GUI_tWINFORMtext_editor\GUI_tWINFORMtext_editor\MyForm.cpp(12,15): warning C4551: function call missing argument list
