d:\gitnext\gui_twinformtext_editor\gui_twinformtext_editor\x64\release\vc143.pdb
d:\gitnext\gui_twinformtext_editor\gui_twinformtext_editor\x64\release\.netframework,version=v4.7.2.assemblyattributes.obj
d:\gitnext\gui_twinformtext_editor\gui_twinformtext_editor\x64\release\myform1.obj
d:\gitnext\gui_twinformtext_editor\gui_twinformtext_editor\x64\release\myform.obj
d:\gitnext\gui_twinformtext_editor\x64\release\gui_twinformtext_editor.exe
d:\gitnext\gui_twinformtext_editor\x64\release\gui_twinformtext_editor.pdb
d:\gitnext\gui_twinformtext_editor\gui_twinformtext_editor\x64\release\customrichtextbox.obj
d:\gitnext\gui_twinformtext_editor\gui_twinformtext_editor\x64\release\inheritanceelement.obj
d:\gitnext\gui_twinformtext_editor\gui_twinformtext_editor\x64\release\installerrichtextbox.obj
d:\gitnext\gui_twinformtext_editor\gui_twinformtext_editor\x64\release\guitwinformtexteditor.myform1.resources
d:\gitnext\gui_twinformtext_editor\gui_twinformtext_editor\x64\release\gui_twin.c787b7d2.tlog\cl.command.1.tlog
d:\gitnext\gui_twinformtext_editor\gui_twinformtext_editor\x64\release\gui_twin.c787b7d2.tlog\cl.items.tlog
d:\gitnext\gui_twinformtext_editor\gui_twinformtext_editor\x64\release\gui_twin.c787b7d2.tlog\cl.read.1.tlog
d:\gitnext\gui_twinformtext_editor\gui_twinformtext_editor\x64\release\gui_twin.c787b7d2.tlog\cl.write.1.tlog
d:\gitnext\gui_twinformtext_editor\gui_twinformtext_editor\x64\release\gui_twin.c787b7d2.tlog\link.command.1.tlog
d:\gitnext\gui_twinformtext_editor\gui_twinformtext_editor\x64\release\gui_twin.c787b7d2.tlog\link.read.1.tlog
d:\gitnext\gui_twinformtext_editor\gui_twinformtext_editor\x64\release\gui_twin.c787b7d2.tlog\link.secondary.1.tlog
d:\gitnext\gui_twinformtext_editor\gui_twinformtext_editor\x64\release\gui_twin.c787b7d2.tlog\link.write.1.tlog
d:\gitnext\gui_twinformtext_editor\gui_twinformtext_editor\x64\release\gui_twin.c787b7d2.tlog\metagen.read.1.tlog
d:\gitnext\gui_twinformtext_editor\gui_twinformtext_editor\x64\release\gui_twin.c787b7d2.tlog\metagen.write.1.tlog
d:\gitnext\gui_twinformtext_editor\gui_twinformtext_editor\x64\release\gui_twin.c787b7d2.tlog\resgen.command.1.tlog
d:\gitnext\gui_twinformtext_editor\gui_twinformtext_editor\x64\release\gui_twin.c787b7d2.tlog\resgen.read.1.tlog
d:\gitnext\gui_twinformtext_editor\gui_twinformtext_editor\x64\release\gui_twin.c787b7d2.tlog\resgen.write.1.tlog
